<?xml version="1.0" encoding="UTF-8"?>
<testng-results skipped="0" failed="1" total="1" passed="0">
  <reporter-output>
    <line>
      <![CDATA[Enter From City :-PNQ]]>
    </line>
    <line>
      <![CDATA[Enter To City :- HYD]]>
    </line>
    <line>
      <![CDATA[Enter Departure Date :- 21 Sep 2020 ]]>
    </line>
    <line>
      <![CDATA[Enter Return Date :- 24 Oct 2020 ]]>
    </line>
    <line>
      <![CDATA[Enter Traveller :- 2 ]]>
    </line>
  </reporter-output>
  <suite name="Suite" duration-ms="24933" started-at="2020-09-20T13:20:09Z" finished-at="2020-09-20T13:20:34Z">
    <groups>
    </groups>
    <test name="Test" duration-ms="24933" started-at="2020-09-20T13:20:09Z" finished-at="2020-09-20T13:20:34Z">
      <class name="com.koch.TestScripts.ValidateBookTicket">
        <test-method status="PASS" signature="SetupSuite()[pri:0, instance:com.koch.TestScripts.ValidateBookTicket@7d417077]" name="SetupSuite" is-config="true" duration-ms="511" started-at="2020-09-20T18:50:09Z" finished-at="2020-09-20T18:50:09Z">
          <reporter-output>
          </reporter-output>
        </test-method> <!-- SetupSuite -->
        <test-method status="PASS" signature="StartUpApplication()[pri:0, instance:com.koch.TestScripts.ValidateBookTicket@7d417077]" name="StartUpApplication" is-config="true" duration-ms="13364" started-at="2020-09-20T18:50:09Z" finished-at="2020-09-20T18:50:23Z">
          <reporter-output>
          </reporter-output>
        </test-method> <!-- StartUpApplication -->
        <test-method status="FAIL" signature="TestBookTicketfunctionality()[pri:0, instance:com.koch.TestScripts.ValidateBookTicket@7d417077]" name="TestBookTicketfunctionality" duration-ms="4544" started-at="2020-09-20T18:50:23Z" finished-at="2020-09-20T18:50:27Z">
          <exception class="java.lang.AssertionError">
            <message>
              <![CDATA[Result Page is not display successully.]]>
            </message>
            <full-stacktrace>
              <![CDATA[java.lang.AssertionError: Result Page is not display successully.
	at org.testng.Assert.fail(Assert.java:94)
	at com.koch.TestScripts.ValidateBookTicket.TestBookTicketfunctionality(ValidateBookTicket.java:45)
	at sun.reflect.NativeMethodAccessorImpl.invoke0(Native Method)
	at sun.reflect.NativeMethodAccessorImpl.invoke(NativeMethodAccessorImpl.java:62)
	at sun.reflect.DelegatingMethodAccessorImpl.invoke(DelegatingMethodAccessorImpl.java:43)
	at java.lang.reflect.Method.invoke(Method.java:498)
	at org.testng.internal.MethodInvocationHelper.invokeMethod(MethodInvocationHelper.java:86)
	at org.testng.internal.Invoker.invokeMethod(Invoker.java:645)
	at org.testng.internal.Invoker.invokeTestMethod(Invoker.java:822)
	at org.testng.internal.Invoker.invokeTestMethods(Invoker.java:1130)
	at org.testng.internal.TestMethodWorker.invokeTestMethods(TestMethodWorker.java:129)
	at org.testng.internal.TestMethodWorker.run(TestMethodWorker.java:112)
	at org.testng.TestRunner.privateRun(TestRunner.java:782)
	at org.testng.TestRunner.run(TestRunner.java:632)
	at org.testng.SuiteRunner.runTest(SuiteRunner.java:366)
	at org.testng.SuiteRunner.runSequentially(SuiteRunner.java:361)
	at org.testng.SuiteRunner.privateRun(SuiteRunner.java:319)
	at org.testng.SuiteRunner.run(SuiteRunner.java:268)
	at org.testng.SuiteRunnerWorker.runSuite(SuiteRunnerWorker.java:52)
	at org.testng.SuiteRunnerWorker.run(SuiteRunnerWorker.java:86)
	at org.testng.TestNG.runSuitesSequentially(TestNG.java:1244)
	at org.testng.TestNG.runSuitesLocally(TestNG.java:1169)
	at org.testng.TestNG.run(TestNG.java:1064)
	at org.testng.remote.RemoteTestNG.run(RemoteTestNG.java:113)
	at org.testng.remote.RemoteTestNG.initAndRun(RemoteTestNG.java:206)
	at org.testng.remote.RemoteTestNG.main(RemoteTestNG.java:177)
]]>
            </full-stacktrace>
          </exception> <!-- java.lang.AssertionError -->
          <reporter-output>
            <line>
              <![CDATA[Enter From City :-PNQ]]>
            </line>
            <line>
              <![CDATA[Enter To City :- HYD]]>
            </line>
            <line>
              <![CDATA[Enter Departure Date :- 21 Sep 2020 ]]>
            </line>
            <line>
              <![CDATA[Enter Return Date :- 24 Oct 2020 ]]>
            </line>
            <line>
              <![CDATA[Enter Traveller :- 2 ]]>
            </line>
          </reporter-output>
        </test-method> <!-- TestBookTicketfunctionality -->
        <test-method status="PASS" signature="ScreenshotMethod(org.testng.ITestResult)[pri:0, instance:com.koch.TestScripts.ValidateBookTicket@7d417077]" name="ScreenshotMethod" is-config="true" duration-ms="2878" started-at="2020-09-20T18:50:27Z" finished-at="2020-09-20T18:50:30Z">
          <params>
            <param index="0">
              <value>
                <![CDATA[[TestResult name=TestBookTicketfunctionality status=FAILURE method=ValidateBookTicket.TestBookTicketfunctionality()[pri:0, instance:com.koch.TestScripts.ValidateBookTicket@7d417077] output=Enter From City :-PNQ]]]>
              </value>
            </param>
          </params>
          <reporter-output>
          </reporter-output>
        </test-method> <!-- ScreenshotMethod -->
        <test-method status="PASS" signature="Logout()[pri:0, instance:com.koch.TestScripts.ValidateBookTicket@7d417077]" name="Logout" is-config="true" duration-ms="3957" started-at="2020-09-20T18:50:30Z" finished-at="2020-09-20T18:50:34Z">
          <reporter-output>
          </reporter-output>
        </test-method> <!-- Logout -->
      </class> <!-- com.koch.TestScripts.ValidateBookTicket -->
    </test> <!-- Test -->
  </suite> <!-- Suite -->
</testng-results>
