<?xml version="1.0" encoding="UTF-8"?>
<!-- Generated by org.testng.reporters.JUnitXMLReporter -->
<testsuite hostname="MSI-L1868" name="Test" tests="1" failures="1" timestamp="20 Sep 2020 13:20:34 GMT" time="24.933" errors="0">
  <testcase name="TestBookTicketfunctionality" time="4.544" classname="com.koch.TestScripts.ValidateBookTicket">
    <failure type="java.lang.AssertionError" message="Result Page is not display successully.">
      <![CDATA[java.lang.AssertionError: Result Page is not display successully.
	at com.koch.TestScripts.ValidateBookTicket.TestBookTicketfunctionality(ValidateBookTicket.java:45)
... Removed 25 stack frames]]>
    </failure>
  </testcase> <!-- TestBookTicketfunctionality -->
</testsuite> <!-- Test -->
